<?xml version="1.0" encoding="UTF-8"?>
<!-- Generated by org.testng.reporters.JUnitXMLReporter -->
<testsuite hostname="DESKTOP-JKBQG4G" ignored="2" name="Test" tests="5" failures="0" timestamp="16 Aug 2020 00:39:06 GMT" time="231.795" errors="0">
  <testcase name="CreateAndAuthenticateNewUser" time="46.522" classname="tests.CreateNewAccountTest"/>
  <testcase name="UserCanSelectBlousesFromWomenHoverMenu" time="7.713" classname="tests.RegisteredUserCanOrderProductTest"/>
  <testcase name="AddToCart" time="6.434" classname="tests.RegisteredUserCanOrderProductTest"/>
  <testcase name="OrderProcessing" time="42.873" classname="tests.RegisteredUserCanOrderProductTest"/>
  <testcase name="BlouseOrderValidation" time="123.259" classname="tests.RegisteredUserCanOrderProductTest"/>
  <testcase name="@BeforeSuite startDriver" time="0.0" classname="tests.TestBase">
    <ignored/>
  </testcase> <!-- @BeforeSuite startDriver -->
  <testcase name="@AfterSuite stopDriver" time="0.0" classname="tests.TestBase">
    <ignored/>
  </testcase> <!-- @AfterSuite stopDriver -->
</testsuite> <!-- Test -->
